<?xml version="1.0" encoding="UTF-8"?>
<!-- Generated by org.testng.reporters.JUnitXMLReporter -->
<testsuite ignored="0" hostname="SKYWALKER" failures="0" tests="5" name="Test" time="53.304" errors="0" timestamp="2022-11-15T12:32:02 IST">
  <testcase classname="test_cases.register_tc" name="demo" time="2.335"/>
  <testcase classname="test_cases.login_tc" name="login" time="1.429"/>
  <testcase classname="test_cases.mouse_hover" name="demo" time="1.403"/>
  <testcase classname="test_cases.Search_tc" name="demo" time="1.217"/>
  <testcase classname="test_cases.Advanc_search" name="demo" time="1.954"/>
</testsuite> <!-- Test -->
